<?xml version="1.0" encoding="UTF-8"?>
<testsuite name="Usuario ingresa al portal web y realiza una compra" tests="1" skipped="0" failures="0" errors="0" timestamp="2021-11-04T22:06:01" hostname="DESKTOP-QO2SO4U" time="9.972">
  <properties/>
  <testcase name="Buscar un producto en la tienda" classname="Usuario ingresa al portal web y realiza una compra" time="9.972"/>
  <system-out><![CDATA[]]></system-out>
  <system-err><![CDATA[nov 04, 2021 5:06:02 PM org.openqa.selenium.remote.DesiredCapabilities chrome
INFORMACIÓN: Using `new ChromeOptions()` is preferred to `DesiredCapabilities.chrome()`
Starting ChromeDriver 95.0.4638.54 (d31a821ec901f68d0d34ccdbaea45b4c86ce543e-refs/branch-heads/4638@{#871}) on port 48844
Only local connections are allowed.
Please see https://chromedriver.chromium.org/security-considerations for suggestions on keeping ChromeDriver safe.
ChromeDriver was started successfully.
nov 04, 2021 5:06:04 PM org.openqa.selenium.remote.ProtocolHandshake createSession
INFORMACIÓN: Detected dialect: W3C
[Test worker] INFO net.serenitybdd.core.Serenity - 
        __    _____ _____ ____ _____   ____   _    ____  ____  _____ ____  
  _     \ \  |_   _| ____/ ___|_   _| |  _ \ / \  / ___|/ ___|| ____|  _ \ 
 (_)_____| |   | | |  _| \___ \ | |   | |_) / _ \ \___ \\___ \|  _| | | | |
  _|_____| |   | | | |___ ___) || |   |  __/ ___ \ ___) |___) | |___| |_| |
 (_)     | |   |_| |_____|____/ |_|   |_| /_/   \_\____/|____/|_____|____/ 
        /_/                                                                

TEST PASSED: Buscar un producto en la tienda
----------------------------------------------------------------------------
]]></system-err>
</testsuite>
